TN:
SF:src/application.ts
FN:39,<static_initializer>
FN:41,<instance_members_initializer>
FN:69,Application
FN:101,get keys
FN:105,set keys
FN:109,get env
FN:112,set env
FN:116,get proxy
FN:119,set proxy
FN:129,listen
FN:139,toJSON
FN:150,inspect
FN:154,anonymous_12
FN:161,use
FN:181,callback
FN:201,get currentContext
FN:209,handleRequest
FN:236,createContext
FN:245,onerror
FN:266,_respond
FN:188,handleRequest
FN:190,anonymous_21
FN:216,onerror
FN:218,anonymous_23
FNDA:70,<static_initializer>
FNDA:380,<instance_members_initializer>
FNDA:380,Application
FNDA:5,get keys
FNDA:2,set keys
FNDA:10,get env
FNDA:1,set env
FNDA:86,get proxy
FNDA:18,set proxy
FNDA:82,listen
FNDA:8,toJSON
FNDA:3,inspect
FNDA:2,anonymous_12
FNDA:115,use
FNDA:107,callback
FNDA:46,get currentContext
FNDA:102,handleRequest
FNDA:365,createContext
FNDA:24,onerror
FNDA:86,_respond
FNDA:102,handleRequest
FNDA:102,anonymous_21
FNDA:17,onerror
FNDA:99,anonymous_23
FNF:24
FNH:24
BRDA:1,0,0,70
BRDA:39,1,0,70
BRDA:41,2,0,380
BRDA:69,3,0,380
BRDA:78,4,0,5
BRDA:79,5,0,8
BRDA:80,6,0,8
BRDA:83,7,0,8
BRDA:83,8,0,4
BRDA:84,9,0,1
BRDA:101,10,0,5
BRDA:105,11,0,2
BRDA:109,12,0,10
BRDA:112,13,0,1
BRDA:116,14,0,86
BRDA:119,15,0,18
BRDA:129,16,0,82
BRDA:139,17,0,8
BRDA:150,18,0,3
BRDA:154,19,0,2
BRDA:161,20,0,115
BRDA:163,21,0,5
BRDA:163,22,0,10
BRDA:164,23,0,8
BRDA:165,24,0,2
BRDA:171,25,0,8
BRDA:181,26,0,107
BRDA:184,27,0,62
BRDA:201,28,0,46
BRDA:209,29,0,102
BRDA:225,30,0,49
BRDA:227,31,0,6
BRDA:236,32,0,365
BRDA:245,33,0,24
BRDA:250,34,0,3
BRDA:255,35,0,5
BRDA:255,36,0,13
BRDA:256,37,0,13
BRDA:253,38,0,1
BRDA:253,39,0,4
BRDA:255,40,0,3
BRDA:255,41,0,2
BRDA:256,42,0,1
BRDA:258,43,0,0
BRDA:266,44,0,86
BRDA:277,45,0,21
BRDA:281,46,0,35
BRDA:289,47,0,6
BRDA:292,48,0,11
BRDA:308,49,0,16
BRDA:311,50,0,3
BRDA:312,51,0,8
BRDA:312,52,0,2
BRDA:270,53,0,2
BRDA:268,54,0,3
BRDA:268,55,0,39
BRDA:270,56,0,1
BRDA:270,57,0,38
BRDA:283,58,0,8
BRDA:284,59,0,3
BRDA:286,60,0,1
BRDA:289,61,0,21
BRDA:292,62,0,19
BRDA:293,63,0,2
BRDA:297,64,0,6
BRDA:300,65,0,6
BRDA:301,66,0,1
BRDA:302,67,0,6
BRDA:303,68,0,5
BRDA:306,69,0,6
BRDA:311,70,0,1
BRDA:311,71,0,12
BRDA:312,72,0,8
BRDA:313,73,0,6
BRDA:313,74,0,2
BRDA:317,75,0,1
BRDA:319,76,0,2
BRDA:188,77,0,102
BRDA:190,78,0,102
BRDA:216,79,0,17
BRDA:218,80,0,99
BRDA:219,81,0,1
BRF:82
BRH:81
DA:1,70
DA:2,70
DA:3,70
DA:4,70
DA:5,70
DA:6,70
DA:7,70
DA:8,70
DA:9,70
DA:10,70
DA:11,70
DA:12,70
DA:13,70
DA:14,70
DA:15,70
DA:16,70
DA:17,70
DA:18,70
DA:19,70
DA:20,70
DA:21,70
DA:22,70
DA:23,70
DA:24,70
DA:25,70
DA:26,70
DA:27,70
DA:28,70
DA:29,70
DA:30,70
DA:31,70
DA:32,70
DA:33,70
DA:34,70
DA:35,70
DA:36,70
DA:37,70
DA:38,70
DA:39,70
DA:40,70
DA:41,70
DA:42,380
DA:43,380
DA:44,380
DA:45,380
DA:46,380
DA:47,380
DA:48,380
DA:49,380
DA:50,380
DA:51,380
DA:52,380
DA:53,380
DA:54,380
DA:55,70
DA:56,70
DA:57,70
DA:58,70
DA:59,70
DA:60,70
DA:61,70
DA:62,70
DA:63,70
DA:64,70
DA:65,70
DA:66,70
DA:67,70
DA:68,70
DA:69,70
DA:70,380
DA:71,380
DA:72,380
DA:73,380
DA:74,380
DA:75,380
DA:76,380
DA:77,380
DA:78,380
DA:79,380
DA:80,380
DA:81,380
DA:82,380
DA:83,380
DA:84,380
DA:85,1
DA:86,1
DA:87,380
DA:88,380
DA:89,380
DA:90,380
DA:91,380
DA:92,380
DA:93,380
DA:94,380
DA:95,380
DA:96,380
DA:97,380
DA:98,380
DA:99,380
DA:100,70
DA:101,70
DA:102,5
DA:103,5
DA:104,70
DA:105,70
DA:106,2
DA:107,2
DA:108,70
DA:109,70
DA:110,10
DA:111,10
DA:112,70
DA:113,1
DA:114,1
DA:115,70
DA:116,70
DA:117,86
DA:118,86
DA:119,70
DA:120,18
DA:121,18
DA:122,70
DA:123,70
DA:124,70
DA:125,70
DA:126,70
DA:127,70
DA:128,70
DA:129,70
DA:130,82
DA:131,82
DA:132,82
DA:133,82
DA:134,70
DA:135,70
DA:136,70
DA:137,70
DA:138,70
DA:139,70
DA:140,8
DA:141,8
DA:142,8
DA:143,8
DA:144,8
DA:145,8
DA:146,70
DA:147,70
DA:148,70
DA:149,70
DA:150,70
DA:151,3
DA:152,3
DA:153,70
DA:154,70
DA:155,2
DA:156,2
DA:157,70
DA:158,70
DA:159,70
DA:160,70
DA:161,70
DA:162,115
DA:163,115
DA:164,115
DA:165,115
DA:166,2
DA:167,2
DA:168,2
DA:169,2
DA:170,2
DA:171,2
DA:172,8
DA:173,8
DA:174,8
DA:175,115
DA:176,70
DA:177,70
DA:178,70
DA:179,70
DA:180,70
DA:181,70
DA:182,107
DA:183,107
DA:184,107
DA:185,62
DA:186,62
DA:187,107
DA:188,107
DA:189,102
DA:190,102
DA:191,102
DA:192,102
DA:193,107
DA:194,107
DA:195,107
DA:196,107
DA:197,70
DA:198,70
DA:199,70
DA:200,70
DA:201,70
DA:202,46
DA:203,46
DA:204,70
DA:205,70
DA:206,70
DA:207,70
DA:208,70
DA:209,70
DA:210,102
DA:211,102
DA:212,102
DA:213,102
DA:214,102
DA:215,102
DA:216,102
DA:217,102
DA:218,102
DA:219,99
DA:220,1
DA:221,1
DA:222,99
DA:223,102
DA:224,102
DA:225,102
DA:226,49
DA:227,102
DA:228,6
DA:229,6
DA:230,102
DA:231,70
DA:232,70
DA:233,70
DA:234,70
DA:235,70
DA:236,70
DA:237,365
DA:238,365
DA:239,365
DA:240,70
DA:241,70
DA:242,70
DA:243,70
DA:244,70
DA:245,70
DA:246,24
DA:247,24
DA:248,24
DA:249,24
DA:250,24
DA:251,24
DA:252,24
DA:253,24
DA:254,4
DA:255,24
DA:256,24
DA:257,1
DA:258,24
DA:259,24
DA:260,24
DA:261,24
DA:262,70
DA:263,70
DA:264,70
DA:265,70
DA:266,70
DA:267,86
DA:268,86
DA:269,39
DA:270,86
DA:271,38
DA:272,38
DA:273,38
DA:274,38
DA:275,38
DA:276,38
DA:277,86
DA:278,21
DA:279,21
DA:280,21
DA:281,21
DA:282,35
DA:283,86
DA:284,8
DA:285,3
DA:286,3
DA:287,3
DA:288,8
DA:289,8
DA:290,21
DA:291,21
DA:292,86
DA:293,11
DA:294,2
DA:295,2
DA:296,2
DA:297,2
DA:298,11
DA:299,11
DA:300,11
DA:301,6
DA:302,6
DA:303,11
DA:304,5
DA:305,5
DA:306,5
DA:307,6
DA:308,6
DA:309,16
DA:310,16
DA:311,86
DA:312,3
DA:313,2
DA:314,2
DA:315,2
DA:316,2
DA:317,86
DA:318,1
DA:319,1
DA:320,2
DA:321,86
DA:322,70
LH:322
LF:322
end_of_record
SF:src/context.ts
FN:17,<instance_members_initializer>
FN:27,Context
FN:42,inspect
FN:49,anonymous_3
FN:62,toJSON
FN:92,assert
FN:146,throw
FN:174,onerror
FN:244,get cookies
FN:254,set cookies
FN:258,get state
FN:269,acceptsLanguages
FN:279,acceptsEncodings
FN:289,acceptsCharsets
FN:298,accepts
FN:305,get
FN:309,is
FN:313,get querystring
FN:317,set querystring
FN:321,get idempotent
FN:325,get socket
FN:329,get search
FN:333,set search
FN:337,get method
FN:341,set method
FN:345,get query
FN:349,set query
FN:353,get path
FN:357,set path
FN:361,get url
FN:365,set url
FN:369,get accept
FN:373,set accept
FN:377,get origin
FN:381,get href
FN:385,get subdomains
FN:389,get protocol
FN:393,get host
FN:397,get hostname
FN:401,get URL
FN:405,get header
FN:409,get headers
FN:413,get secure
FN:417,get stale
FN:421,get fresh
FN:425,get ips
FN:429,get ip
FN:437,attachment
FN:441,redirect
FN:445,remove
FN:449,vary
FN:453,has
FN:457,set
FN:461,append
FN:465,flushHeaders
FN:469,get status
FN:473,set status
FN:477,get message
FN:481,set message
FN:486,get body
FN:491,set body
FN:495,get length
FN:499,set length
FN:503,get type
FN:507,set type
FN:511,get lastModified
FN:515,set lastModified
FN:519,get etag
FN:523,set etag
FN:527,get headerSent
FN:531,get writable
FNDA:365,<instance_members_initializer>
FNDA:365,Context
FNDA:2,inspect
FNDA:1,anonymous_3
FNDA:4,toJSON
FNDA:7,assert
FNDA:18,throw
FNDA:24,onerror
FNDA:5,get cookies
FNDA:1,set cookies
FNDA:2,get state
FNDA:5,acceptsLanguages
FNDA:7,acceptsEncodings
FNDA:5,acceptsCharsets
FNDA:39,accepts
FNDA:11,get
FNDA:35,is
FNDA:5,get querystring
FNDA:4,set querystring
FNDA:0,get idempotent
FNDA:2,get socket
FNDA:4,get search
FNDA:3,set search
FNDA:53,get method
FNDA:1,set method
FNDA:8,get query
FNDA:2,set query
FNDA:2,get path
FNDA:3,set path
FNDA:14,get url
FNDA:4,set url
FNDA:1,get accept
FNDA:1,set accept
FNDA:2,get origin
FNDA:4,get href
FNDA:0,get subdomains
FNDA:0,get protocol
FNDA:2,get host
FNDA:0,get hostname
FNDA:0,get URL
FNDA:18,get header
FNDA:2,get headers
FNDA:0,get secure
FNDA:1,get stale
FNDA:5,get fresh
FNDA:0,get ips
FNDA:0,get ip
FNDA:22,attachment
FNDA:16,redirect
FNDA:2,remove
FNDA:8,vary
FNDA:2,has
FNDA:47,set
FNDA:7,append
FNDA:6,flushHeaders
FNDA:87,get status
FNDA:52,set status
FNDA:13,get message
FNDA:1,set message
FNDA:87,get body
FNDA:96,set body
FNDA:0,get length
FNDA:21,set length
FNDA:8,get type
FNDA:24,set type
FNDA:0,get lastModified
FNDA:0,set lastModified
FNDA:0,get etag
FNDA:0,set etag
FNDA:0,get headerSent
FNDA:83,get writable
FNF:71
FNH:57
BRDA:1,0,0,70
BRDA:17,1,0,365
BRDA:27,2,0,365
BRDA:35,3,0,51
BRDA:42,4,0,2
BRDA:49,5,0,1
BRDA:62,6,0,4
BRDA:92,7,0,7
BRDA:98,8,0,0
BRDA:101,9,0,1
BRDA:102,10,0,3
BRDA:104,11,0,2
BRDA:105,12,0,4
BRDA:107,13,0,2
BRDA:146,14,0,18
BRDA:153,15,0,2
BRDA:157,16,0,13
BRDA:160,17,0,8
BRDA:164,18,0,2
BRDA:174,19,0,24
BRDA:184,20,0,2
BRDA:186,21,0,1
BRDA:209,22,0,24
BRDA:214,23,0,1
BRDA:221,24,0,9
BRDA:224,25,0,3
BRDA:229,26,0,11
BRDA:229,27,0,7
BRDA:235,28,0,5
BRDA:235,29,0,12
BRDA:178,30,0,0
BRDA:191,31,0,6
BRDA:191,32,0,3
BRDA:202,33,0,3
BRDA:204,34,0,6
BRDA:211,35,0,6
BRDA:216,36,0,6
BRDA:226,37,0,6
BRDA:231,38,0,6
BRDA:244,39,0,5
BRDA:245,40,0,4
BRDA:254,41,0,1
BRDA:258,42,0,2
BRDA:269,43,0,5
BRDA:279,44,0,7
BRDA:289,45,0,5
BRDA:298,46,0,39
BRDA:305,47,0,11
BRDA:309,48,0,35
BRDA:313,49,0,5
BRDA:317,50,0,4
BRDA:325,51,0,2
BRDA:329,52,0,4
BRDA:333,53,0,3
BRDA:337,54,0,53
BRDA:341,55,0,1
BRDA:345,56,0,8
BRDA:349,57,0,2
BRDA:353,58,0,2
BRDA:357,59,0,3
BRDA:361,60,0,14
BRDA:365,61,0,4
BRDA:369,62,0,1
BRDA:373,63,0,1
BRDA:377,64,0,2
BRDA:381,65,0,4
BRDA:393,66,0,2
BRDA:405,67,0,18
BRDA:409,68,0,2
BRDA:417,69,0,1
BRDA:421,70,0,5
BRDA:437,71,0,22
BRDA:441,72,0,16
BRDA:445,73,0,2
BRDA:449,74,0,8
BRDA:453,75,0,2
BRDA:457,76,0,47
BRDA:461,77,0,7
BRDA:465,78,0,6
BRDA:469,79,0,87
BRDA:473,80,0,52
BRDA:477,81,0,13
BRDA:481,82,0,1
BRDA:486,83,0,87
BRDA:491,84,0,96
BRDA:499,85,0,21
BRDA:503,86,0,8
BRDA:507,87,0,24
BRDA:531,88,0,83
BRF:89
BRH:87
DA:1,70
DA:2,70
DA:3,70
DA:4,70
DA:5,70
DA:6,70
DA:7,70
DA:8,70
DA:9,70
DA:10,70
DA:11,70
DA:12,70
DA:13,70
DA:14,70
DA:15,70
DA:16,70
DA:17,70
DA:18,365
DA:19,365
DA:20,365
DA:21,365
DA:22,365
DA:23,365
DA:24,365
DA:25,365
DA:26,365
DA:27,365
DA:28,365
DA:29,365
DA:30,365
DA:31,365
DA:32,365
DA:33,365
DA:34,365
DA:35,365
DA:36,365
DA:37,365
DA:38,365
DA:39,365
DA:40,365
DA:41,365
DA:42,365
DA:43,2
DA:44,2
DA:45,365
DA:46,365
DA:47,365
DA:48,365
DA:49,365
DA:50,1
DA:51,1
DA:52,365
DA:53,365
DA:54,365
DA:55,365
DA:56,365
DA:57,365
DA:58,365
DA:59,365
DA:60,365
DA:61,365
DA:62,365
DA:63,4
DA:64,4
DA:65,4
DA:66,4
DA:67,4
DA:68,4
DA:69,4
DA:70,4
DA:71,4
DA:72,4
DA:73,365
DA:74,365
DA:75,365
DA:76,365
DA:77,365
DA:78,365
DA:79,365
DA:80,365
DA:81,365
DA:82,365
DA:83,365
DA:84,365
DA:85,365
DA:86,365
DA:87,365
DA:88,365
DA:89,365
DA:90,365
DA:91,365
DA:92,365
DA:93,7
DA:94,7
DA:95,7
DA:96,7
DA:97,7
DA:98,7
DA:99,0
DA:100,0
DA:101,7
DA:102,7
DA:103,3
DA:104,3
DA:105,3
DA:106,4
DA:107,7
DA:108,7
DA:109,365
DA:110,365
DA:111,365
DA:112,365
DA:113,365
DA:114,365
DA:115,365
DA:116,365
DA:117,365
DA:118,365
DA:119,365
DA:120,365
DA:121,365
DA:122,365
DA:123,365
DA:124,365
DA:125,365
DA:126,365
DA:127,365
DA:128,365
DA:129,365
DA:130,365
DA:131,365
DA:132,365
DA:133,365
DA:134,365
DA:135,365
DA:136,365
DA:137,365
DA:138,365
DA:139,365
DA:140,365
DA:141,365
DA:142,365
DA:143,365
DA:144,365
DA:145,365
DA:146,365
DA:147,18
DA:148,18
DA:149,18
DA:150,18
DA:151,18
DA:152,18
DA:153,18
DA:154,2
DA:155,2
DA:156,2
DA:157,18
DA:158,13
DA:159,13
DA:160,13
DA:161,8
DA:162,8
DA:163,13
DA:164,18
DA:165,2
DA:166,2
DA:167,18
DA:168,18
DA:169,365
DA:170,365
DA:171,365
DA:172,365
DA:173,365
DA:174,365
DA:175,24
DA:176,24
DA:177,24
DA:178,24
DA:179,24
DA:180,24
DA:181,24
DA:182,24
DA:183,24
DA:184,24
DA:185,24
DA:186,24
DA:187,1
DA:188,1
DA:189,24
DA:190,24
DA:191,24
DA:192,3
DA:193,3
DA:194,3
DA:195,24
DA:196,24
DA:197,24
DA:198,24
DA:199,24
DA:200,24
DA:201,24
DA:202,24
DA:203,3
DA:204,3
DA:205,6
DA:206,6
DA:207,6
DA:208,6
DA:209,24
DA:210,24
DA:211,24
DA:212,6
DA:213,6
DA:214,24
DA:215,1
DA:216,1
DA:217,6
DA:218,6
DA:219,6
DA:220,6
DA:221,24
DA:222,24
DA:223,24
DA:224,24
DA:225,3
DA:226,3
DA:227,6
DA:228,6
DA:229,24
DA:230,7
DA:231,7
DA:232,6
DA:233,6
DA:234,6
DA:235,24
DA:236,24
DA:237,24
DA:238,24
DA:239,24
DA:240,24
DA:241,365
DA:242,70
DA:243,70
DA:244,70
DA:245,5
DA:246,4
DA:247,4
DA:248,4
DA:249,4
DA:250,4
DA:251,5
DA:252,5
DA:253,70
DA:254,70
DA:255,1
DA:256,1
DA:257,70
DA:258,70
DA:259,2
DA:260,2
DA:261,70
DA:262,70
DA:263,70
DA:264,70
DA:265,70
DA:266,70
DA:267,70
DA:268,70
DA:269,70
DA:270,5
DA:271,5
DA:272,5
DA:273,5
DA:274,5
DA:275,70
DA:276,70
DA:277,70
DA:278,70
DA:279,70
DA:280,7
DA:281,7
DA:282,7
DA:283,7
DA:284,7
DA:285,70
DA:286,70
DA:287,70
DA:288,70
DA:289,70
DA:290,5
DA:291,5
DA:292,5
DA:293,5
DA:294,5
DA:295,70
DA:296,70
DA:297,70
DA:298,70
DA:299,39
DA:300,39
DA:301,39
DA:302,39
DA:303,39
DA:304,70
DA:305,70
DA:306,11
DA:307,11
DA:308,70
DA:309,70
DA:310,35
DA:311,35
DA:312,70
DA:313,70
DA:314,5
DA:315,5
DA:316,70
DA:317,70
DA:318,4
DA:319,4
DA:320,70
DA:321,70
DA:322,0
DA:323,0
DA:324,70
DA:325,70
DA:326,2
DA:327,2
DA:328,70
DA:329,70
DA:330,4
DA:331,4
DA:332,70
DA:333,70
DA:334,3
DA:335,3
DA:336,70
DA:337,70
DA:338,53
DA:339,53
DA:340,70
DA:341,70
DA:342,1
DA:343,1
DA:344,70
DA:345,70
DA:346,8
DA:347,8
DA:348,70
DA:349,70
DA:350,2
DA:351,2
DA:352,70
DA:353,70
DA:354,2
DA:355,2
DA:356,70
DA:357,70
DA:358,3
DA:359,3
DA:360,70
DA:361,70
DA:362,14
DA:363,14
DA:364,70
DA:365,70
DA:366,4
DA:367,4
DA:368,70
DA:369,70
DA:370,1
DA:371,1
DA:372,70
DA:373,70
DA:374,1
DA:375,1
DA:376,70
DA:377,70
DA:378,2
DA:379,2
DA:380,70
DA:381,70
DA:382,4
DA:383,4
DA:384,70
DA:385,70
DA:386,0
DA:387,0
DA:388,70
DA:389,70
DA:390,0
DA:391,0
DA:392,70
DA:393,70
DA:394,2
DA:395,2
DA:396,70
DA:397,70
DA:398,0
DA:399,0
DA:400,70
DA:401,70
DA:402,0
DA:403,0
DA:404,70
DA:405,70
DA:406,18
DA:407,18
DA:408,70
DA:409,70
DA:410,2
DA:411,2
DA:412,70
DA:413,70
DA:414,0
DA:415,0
DA:416,70
DA:417,70
DA:418,1
DA:419,1
DA:420,70
DA:421,70
DA:422,5
DA:423,5
DA:424,70
DA:425,70
DA:426,0
DA:427,0
DA:428,70
DA:429,70
DA:430,0
DA:431,0
DA:432,70
DA:433,70
DA:434,70
DA:435,70
DA:436,70
DA:437,70
DA:438,22
DA:439,22
DA:440,70
DA:441,70
DA:442,16
DA:443,16
DA:444,70
DA:445,70
DA:446,2
DA:447,2
DA:448,70
DA:449,70
DA:450,8
DA:451,8
DA:452,70
DA:453,70
DA:454,2
DA:455,2
DA:456,70
DA:457,70
DA:458,47
DA:459,47
DA:460,70
DA:461,70
DA:462,7
DA:463,7
DA:464,70
DA:465,70
DA:466,6
DA:467,6
DA:468,70
DA:469,70
DA:470,87
DA:471,87
DA:472,70
DA:473,70
DA:474,52
DA:475,52
DA:476,70
DA:477,70
DA:478,13
DA:479,13
DA:480,70
DA:481,70
DA:482,1
DA:483,1
DA:484,70
DA:485,70
DA:486,70
DA:487,87
DA:488,87
DA:489,70
DA:490,70
DA:491,70
DA:492,96
DA:493,96
DA:494,70
DA:495,70
DA:496,0
DA:497,0
DA:498,70
DA:499,70
DA:500,21
DA:501,21
DA:502,70
DA:503,70
DA:504,8
DA:505,8
DA:506,70
DA:507,70
DA:508,24
DA:509,24
DA:510,70
DA:511,70
DA:512,0
DA:513,0
DA:514,70
DA:515,70
DA:516,0
DA:517,0
DA:518,70
DA:519,70
DA:520,0
DA:521,0
DA:522,70
DA:523,70
DA:524,0
DA:525,0
DA:526,70
DA:527,70
DA:528,0
DA:529,0
DA:530,70
DA:531,70
DA:532,83
DA:533,83
DA:534,70
LH:504
LF:534
end_of_record
SF:src/index.ts
FNF:0
FNH:0
BRDA:1,0,0,22
BRF:1
BRH:1
DA:1,22
DA:2,22
DA:3,22
DA:4,22
DA:5,22
DA:6,22
DA:7,22
DA:8,22
DA:9,22
LH:9
LF:9
end_of_record
SF:src/request.ts
FN:23,<instance_members_initializer>
FN:30,Request
FN:47,get header
FN:55,set header
FN:63,get headers
FN:71,set headers
FN:79,get url
FN:87,set url
FN:95,get origin
FN:103,get href
FN:115,get method
FN:122,set method
FN:129,get path
FN:136,set path
FN:152,get query
FN:168,set query
FN:175,get querystring
FN:183,set querystring
FN:197,get search
FN:207,set search
FN:217,get host
FN:239,get hostname
FN:256,get URL
FN:273,get fresh
FN:295,get stale
FN:302,get idempotent
FN:310,get socket
FN:317,get charset
FN:329,get length
FN:345,get protocol
FN:364,get secure
FN:376,get ips
FN:392,get ip
FN:399,set ip
FN:415,get subdomains
FN:427,get accept
FN:434,set accept
FN:476,accepts
FN:494,acceptsEncodings
FN:520,acceptsCharsets
FN:546,acceptsLanguages
FN:582,is
FN:594,get type
FN:617,get
FN:633,inspect
FN:641,anonymous_45
FN:648,toJSON
FN:665,splitCommaSeparatedValues
FN:668,anonymous_48
FN:669,anonymous_49
FNDA:365,<instance_members_initializer>
FNDA:365,Request
FNDA:83,get header
FNDA:1,set header
FNDA:4,get headers
FNDA:1,set headers
FNDA:21,get url
FNDA:15,set url
FNDA:14,get origin
FNDA:4,get href
FNDA:73,get method
FNDA:10,set method
FNDA:2,get path
FNDA:3,set path
FNDA:8,get query
FNDA:2,set query
FNDA:17,get querystring
FNDA:9,set querystring
FNDA:4,get search
FNDA:3,set search
FNDA:41,get host
FNDA:13,get hostname
FNDA:8,get URL
FNDA:6,get fresh
FNDA:1,get stale
FNDA:7,get idempotent
FNDA:31,get socket
FNDA:4,get charset
FNDA:2,get length
FNDA:24,get protocol
FNDA:5,get secure
FNDA:14,get ips
FNDA:8,get ip
FNDA:1,set ip
FNDA:4,get subdomains
FNDA:57,get accept
FNDA:1,set accept
FNDA:39,accepts
FNDA:7,acceptsEncodings
FNDA:5,acceptsCharsets
FNDA:5,acceptsLanguages
FNDA:35,is
FNDA:2,get type
FNDA:78,get
FNDA:5,inspect
FNDA:3,anonymous_45
FNDA:7,toJSON
FNDA:14,splitCommaSeparatedValues
FNDA:34,anonymous_48
FNDA:34,anonymous_49
FNF:50
FNH:50
BRDA:1,0,0,70
BRDA:23,1,0,365
BRDA:30,2,0,365
BRDA:40,3,0,51
BRDA:47,4,0,83
BRDA:55,5,0,1
BRDA:63,6,0,4
BRDA:71,7,0,1
BRDA:79,8,0,21
BRDA:80,9,0,1
BRDA:87,10,0,15
BRDA:95,11,0,14
BRDA:103,12,0,4
BRDA:105,13,0,0
BRDA:115,14,0,73
BRDA:116,15,0,1
BRDA:122,16,0,10
BRDA:129,17,0,2
BRDA:130,18,0,0
BRDA:136,19,0,3
BRDA:138,20,0,0
BRDA:139,21,0,1
BRDA:139,22,0,2
BRDA:152,23,0,8
BRDA:154,24,0,5
BRDA:158,25,0,5
BRDA:168,26,0,2
BRDA:175,27,0,17
BRDA:176,28,0,1
BRDA:176,29,0,5
BRDA:177,30,0,4
BRDA:183,31,0,9
BRDA:186,32,0,1
BRDA:186,33,0,3
BRDA:185,34,0,0
BRDA:197,35,0,4
BRDA:199,36,0,1
BRDA:207,37,0,3
BRDA:217,38,0,41
BRDA:219,39,0,6
BRDA:219,40,0,20
BRDA:220,41,0,6
BRDA:223,42,0,23
BRDA:224,43,0,5
BRDA:227,44,0,7
BRDA:239,45,0,13
BRDA:241,46,0,2
BRDA:243,47,0,11
BRDA:246,48,0,6
BRDA:244,49,0,5
BRDA:245,50,0,1
BRDA:256,51,0,8
BRDA:258,52,0,0
BRDA:261,53,0,1
BRDA:273,54,0,6
BRDA:278,55,0,1
BRDA:278,56,0,1
BRDA:280,57,0,3
BRDA:283,58,0,1
BRDA:283,59,0,2
BRDA:285,60,0,1
BRDA:295,61,0,1
BRDA:302,62,0,7
BRDA:310,63,0,31
BRDA:317,64,0,4
BRDA:320,65,0,1
BRDA:321,66,0,2
BRDA:329,67,0,2
BRDA:331,68,0,1
BRDA:345,69,0,24
BRDA:349,70,0,3
BRDA:351,71,0,1
BRDA:346,72,0,1
BRDA:348,73,0,4
BRDA:349,74,0,2
BRDA:353,75,0,1
BRDA:355,76,0,2
BRDA:356,77,0,1
BRDA:364,78,0,5
BRDA:376,79,0,14
BRDA:379,80,0,6
BRDA:379,81,0,6
BRDA:379,82,0,7
BRDA:380,83,0,2
BRDA:392,84,0,8
BRDA:393,85,0,5
BRDA:394,86,0,4
BRDA:394,87,0,1
BRDA:399,88,0,1
BRDA:415,89,0,4
BRDA:418,90,0,1
BRDA:418,91,0,3
BRDA:427,92,0,57
BRDA:428,93,0,15
BRDA:434,94,0,1
BRDA:476,95,0,39
BRDA:494,96,0,7
BRDA:498,97,0,2
BRDA:500,98,0,5
BRDA:501,99,0,1
BRDA:503,100,0,4
BRDA:505,101,0,5
BRDA:520,102,0,5
BRDA:524,103,0,1
BRDA:526,104,0,4
BRDA:527,105,0,1
BRDA:529,106,0,3
BRDA:531,107,0,4
BRDA:546,108,0,5
BRDA:550,109,0,1
BRDA:552,110,0,4
BRDA:553,111,0,1
BRDA:555,112,0,3
BRDA:557,113,0,4
BRDA:582,114,0,35
BRDA:584,115,0,32
BRDA:585,116,0,4
BRDA:585,117,0,28
BRDA:594,118,0,2
BRDA:596,119,0,1
BRDA:617,120,0,78
BRDA:620,121,0,1
BRDA:621,122,0,8
BRDA:624,123,0,7
BRDA:625,124,0,14
BRDA:622,125,0,3
BRDA:622,126,0,2
BRDA:633,127,0,5
BRDA:634,128,0,2
BRDA:641,129,0,3
BRDA:648,130,0,7
BRDA:665,131,0,14
BRDA:668,132,0,34
BRDA:669,133,0,34
BRF:134
BRH:129
DA:1,70
DA:2,70
DA:3,70
DA:4,70
DA:5,70
DA:6,70
DA:7,70
DA:8,70
DA:9,70
DA:10,70
DA:11,70
DA:12,70
DA:13,70
DA:14,70
DA:15,70
DA:16,70
DA:17,70
DA:18,70
DA:19,70
DA:20,70
DA:21,70
DA:22,70
DA:23,70
DA:24,365
DA:25,365
DA:26,365
DA:27,365
DA:28,365
DA:29,365
DA:30,365
DA:31,365
DA:32,365
DA:33,365
DA:34,365
DA:35,365
DA:36,365
DA:37,365
DA:38,365
DA:39,365
DA:40,365
DA:41,365
DA:42,365
DA:43,365
DA:44,365
DA:45,365
DA:46,365
DA:47,365
DA:48,83
DA:49,83
DA:50,365
DA:51,365
DA:52,365
DA:53,365
DA:54,365
DA:55,365
DA:56,1
DA:57,1
DA:58,365
DA:59,365
DA:60,365
DA:61,365
DA:62,365
DA:63,365
DA:64,4
DA:65,4
DA:66,365
DA:67,365
DA:68,365
DA:69,365
DA:70,365
DA:71,365
DA:72,1
DA:73,1
DA:74,365
DA:75,365
DA:76,365
DA:77,365
DA:78,365
DA:79,365
DA:80,21
DA:81,21
DA:82,365
DA:83,365
DA:84,365
DA:85,365
DA:86,365
DA:87,365
DA:88,15
DA:89,15
DA:90,365
DA:91,365
DA:92,365
DA:93,365
DA:94,365
DA:95,365
DA:96,14
DA:97,14
DA:98,365
DA:99,365
DA:100,365
DA:101,365
DA:102,365
DA:103,365
DA:104,4
DA:105,4
DA:106,0
DA:107,0
DA:108,4
DA:109,4
DA:110,365
DA:111,365
DA:112,365
DA:113,365
DA:114,365
DA:115,365
DA:116,73
DA:117,73
DA:118,365
DA:119,365
DA:120,365
DA:121,365
DA:122,365
DA:123,10
DA:124,10
DA:125,365
DA:126,365
DA:127,365
DA:128,365
DA:129,365
DA:130,2
DA:131,2
DA:132,365
DA:133,365
DA:134,365
DA:135,365
DA:136,365
DA:137,3
DA:138,3
DA:139,3
DA:140,2
DA:141,2
DA:142,2
DA:143,2
DA:144,2
DA:145,3
DA:146,365
DA:147,365
DA:148,365
DA:149,365
DA:150,365
DA:151,365
DA:152,365
DA:153,8
DA:154,8
DA:155,5
DA:156,5
DA:157,8
DA:158,8
DA:159,5
DA:160,5
DA:161,5
DA:162,8
DA:163,8
DA:164,365
DA:165,365
DA:166,365
DA:167,365
DA:168,365
DA:169,2
DA:170,2
DA:171,365
DA:172,365
DA:173,365
DA:174,365
DA:175,365
DA:176,17
DA:177,17
DA:178,17
DA:179,365
DA:180,365
DA:181,365
DA:182,365
DA:183,365
DA:184,9
DA:185,9
DA:186,9
DA:187,3
DA:188,3
DA:189,3
DA:190,3
DA:191,9
DA:192,365
DA:193,365
DA:194,365
DA:195,365
DA:196,365
DA:197,365
DA:198,4
DA:199,4
DA:200,1
DA:201,4
DA:202,365
DA:203,365
DA:204,365
DA:205,365
DA:206,365
DA:207,365
DA:208,3
DA:209,3
DA:210,365
DA:211,365
DA:212,365
DA:213,365
DA:214,365
DA:215,365
DA:216,365
DA:217,365
DA:218,41
DA:219,41
DA:220,41
DA:221,6
DA:222,6
DA:223,41
DA:224,23
DA:225,5
DA:226,5
DA:227,23
DA:228,7
DA:229,7
DA:230,23
DA:231,41
DA:232,41
DA:233,365
DA:234,365
DA:235,365
DA:236,365
DA:237,365
DA:238,365
DA:239,365
DA:240,13
DA:241,13
DA:242,2
DA:243,2
DA:244,13
DA:245,5
DA:246,5
DA:247,6
DA:248,13
DA:249,365
DA:250,365
DA:251,365
DA:252,365
DA:253,365
DA:254,365
DA:255,365
DA:256,365
DA:257,8
DA:258,8
DA:259,8
DA:260,8
DA:261,8
DA:262,1
DA:263,1
DA:264,8
DA:265,8
DA:266,8
DA:267,365
DA:268,365
DA:269,365
DA:270,365
DA:271,365
DA:272,365
DA:273,365
DA:274,6
DA:275,6
DA:276,6
DA:277,6
DA:278,6
DA:279,1
DA:280,1
DA:281,3
DA:282,3
DA:283,6
DA:284,2
DA:285,2
DA:286,1
DA:287,1
DA:288,6
DA:289,365
DA:290,365
DA:291,365
DA:292,365
DA:293,365
DA:294,365
DA:295,365
DA:296,1
DA:297,1
DA:298,365
DA:299,365
DA:300,365
DA:301,365
DA:302,365
DA:303,7
DA:304,7
DA:305,7
DA:306,365
DA:307,365
DA:308,365
DA:309,365
DA:310,365
DA:311,31
DA:312,31
DA:313,365
DA:314,365
DA:315,365
DA:316,365
DA:317,365
DA:318,4
DA:319,4
DA:320,4
DA:321,4
DA:322,2
DA:323,2
DA:324,4
DA:325,365
DA:326,365
DA:327,365
DA:328,365
DA:329,365
DA:330,2
DA:331,2
DA:332,1
DA:333,1
DA:334,1
DA:335,2
DA:336,365
DA:337,365
DA:338,365
DA:339,365
DA:340,365
DA:341,365
DA:342,365
DA:343,365
DA:344,365
DA:345,365
DA:346,24
DA:347,1
DA:348,1
DA:349,24
DA:350,2
DA:351,2
DA:352,2
DA:353,1
DA:354,1
DA:355,1
DA:356,24
DA:357,24
DA:358,365
DA:359,365
DA:360,365
DA:361,365
DA:362,365
DA:363,365
DA:364,365
DA:365,5
DA:366,5
DA:367,365
DA:368,365
DA:369,365
DA:370,365
DA:371,365
DA:372,365
DA:373,365
DA:374,365
DA:375,365
DA:376,365
DA:377,14
DA:378,14
DA:379,14
DA:380,14
DA:381,2
DA:382,2
DA:383,14
DA:384,14
DA:385,365
DA:386,365
DA:387,365
DA:388,365
DA:389,365
DA:390,365
DA:391,365
DA:392,365
DA:393,8
DA:394,5
DA:395,5
DA:396,8
DA:397,8
DA:398,365
DA:399,365
DA:400,1
DA:401,1
DA:402,365
DA:403,365
DA:404,365
DA:405,365
DA:406,365
DA:407,365
DA:408,365
DA:409,365
DA:410,365
DA:411,365
DA:412,365
DA:413,365
DA:414,365
DA:415,365
DA:416,4
DA:417,4
DA:418,4
DA:419,3
DA:420,4
DA:421,365
DA:422,70
DA:423,70
DA:424,70
DA:425,70
DA:426,70
DA:427,70
DA:428,57
DA:429,57
DA:430,70
DA:431,70
DA:432,70
DA:433,70
DA:434,70
DA:435,1
DA:436,1
DA:437,70
DA:438,70
DA:439,70
DA:440,70
DA:441,70
DA:442,70
DA:443,70
DA:444,70
DA:445,70
DA:446,70
DA:447,70
DA:448,70
DA:449,70
DA:450,70
DA:451,70
DA:452,70
DA:453,70
DA:454,70
DA:455,70
DA:456,70
DA:457,70
DA:458,70
DA:459,70
DA:460,70
DA:461,70
DA:462,70
DA:463,70
DA:464,70
DA:465,70
DA:466,70
DA:467,70
DA:468,70
DA:469,70
DA:470,70
DA:471,70
DA:472,70
DA:473,70
DA:474,70
DA:475,70
DA:476,70
DA:477,39
DA:478,39
DA:479,39
DA:480,39
DA:481,39
DA:482,70
DA:483,70
DA:484,70
DA:485,70
DA:486,70
DA:487,70
DA:488,70
DA:489,70
DA:490,70
DA:491,70
DA:492,70
DA:493,70
DA:494,70
DA:495,7
DA:496,7
DA:497,7
DA:498,7
DA:499,2
DA:500,2
DA:501,7
DA:502,1
DA:503,7
DA:504,4
DA:505,4
DA:506,5
DA:507,7
DA:508,70
DA:509,70
DA:510,70
DA:511,70
DA:512,70
DA:513,70
DA:514,70
DA:515,70
DA:516,70
DA:517,70
DA:518,70
DA:519,70
DA:520,70
DA:521,5
DA:522,5
DA:523,5
DA:524,5
DA:525,1
DA:526,1
DA:527,5
DA:528,1
DA:529,5
DA:530,3
DA:531,3
DA:532,4
DA:533,5
DA:534,70
DA:535,70
DA:536,70
DA:537,70
DA:538,70
DA:539,70
DA:540,70
DA:541,70
DA:542,70
DA:543,70
DA:544,70
DA:545,70
DA:546,70
DA:547,5
DA:548,5
DA:549,5
DA:550,5
DA:551,1
DA:552,1
DA:553,5
DA:554,1
DA:555,5
DA:556,3
DA:557,3
DA:558,4
DA:559,5
DA:560,70
DA:561,70
DA:562,70
DA:563,70
DA:564,70
DA:565,70
DA:566,70
DA:567,70
DA:568,70
DA:569,70
DA:570,70
DA:571,70
DA:572,70
DA:573,70
DA:574,70
DA:575,70
DA:576,70
DA:577,70
DA:578,70
DA:579,70
DA:580,70
DA:581,70
DA:582,70
DA:583,35
DA:584,35
DA:585,32
DA:586,32
DA:587,35
DA:588,35
DA:589,70
DA:590,70
DA:591,70
DA:592,70
DA:593,70
DA:594,70
DA:595,2
DA:596,2
DA:597,1
DA:598,2
DA:599,70
DA:600,70
DA:601,70
DA:602,70
DA:603,70
DA:604,70
DA:605,70
DA:606,70
DA:607,70
DA:608,70
DA:609,70
DA:610,70
DA:611,70
DA:612,70
DA:613,70
DA:614,70
DA:615,70
DA:616,70
DA:617,70
DA:618,78
DA:619,78
DA:620,78
DA:621,78
DA:622,8
DA:623,8
DA:624,78
DA:625,7
DA:626,7
DA:627,78
DA:628,78
DA:629,70
DA:630,70
DA:631,70
DA:632,70
DA:633,70
DA:634,5
DA:635,2
DA:636,5
DA:637,70
DA:638,70
DA:639,70
DA:640,70
DA:641,70
DA:642,3
DA:643,3
DA:644,70
DA:645,70
DA:646,70
DA:647,70
DA:648,70
DA:649,7
DA:650,7
DA:651,7
DA:652,7
DA:653,7
DA:654,7
DA:655,70
DA:656,70
DA:657,70
DA:658,70
DA:659,70
DA:660,70
DA:661,70
DA:662,70
DA:663,70
DA:664,70
DA:665,14
DA:666,14
DA:667,14
DA:668,14
DA:669,14
DA:670,14
LH:668
LF:670
end_of_record
SF:src/response.ts
FN:25,<instance_members_initializer>
FN:31,Response
FN:46,get socket
FN:53,get header
FN:60,get headers
FN:69,get status
FN:76,set status
FN:93,get message
FN:100,set message
FN:111,get body
FN:118,set body
FN:184,set length
FN:196,get length
FN:217,get headerSent
FN:224,vary
FN:229,_getBackReferrer
FN:259,redirect
FN:289,attachment
FN:306,set type
FN:321,get type
FN:334,is
FN:348,set lastModified
FN:358,get lastModified
FN:371,set etag
FN:379,get etag
FN:394,get
FN:410,has
FN:424,set
FN:454,append
FN:468,remove
FN:478,get writable
FN:496,inspect
FN:503,anonymous_32
FN:510,toJSON
FN:521,flushHeaders
FN:432,anonymous_35
FN:163,anonymous_36
FNDA:365,<instance_members_initializer>
FNDA:365,Response
FNDA:1,get socket
FNDA:151,get header
FNDA:2,get headers
FNDA:177,get status
FNDA:163,set status
FNDA:23,get message
FNDA:2,set message
FNDA:261,get body
FNDA:145,set body
FNDA:115,set length
FNDA:20,get length
FNDA:713,get headerSent
FNDA:8,vary
FNDA:6,_getBackReferrer
FNDA:16,redirect
FNDA:22,attachment
FNDA:152,set type
FNDA:39,get type
FNDA:31,is
FNDA:3,set lastModified
FNDA:2,get lastModified
FNDA:4,set etag
FNDA:1,get etag
FNDA:58,get
FNDA:251,has
FNDA:368,set
FNDA:7,append
FNDA:150,remove
FNDA:103,get writable
FNDA:6,inspect
FNDA:3,anonymous_32
FNDA:8,toJSON
FNDA:6,flushHeaders
FNDA:14,anonymous_35
FNDA:6,anonymous_36
FNF:37
FNH:37
BRDA:1,0,0,70
BRDA:25,1,0,365
BRDA:31,2,0,365
BRDA:46,3,0,1
BRDA:53,4,0,151
BRDA:54,5,0,2
BRDA:60,6,0,2
BRDA:69,7,0,177
BRDA:76,8,0,163
BRDA:79,9,0,14
BRDA:82,10,0,81
BRDA:82,11,0,32
BRDA:84,12,0,14
BRDA:85,13,0,56
BRDA:85,14,0,4
BRDA:77,15,0,2
BRDA:77,16,0,49
BRDA:82,17,0,49
BRDA:93,18,0,23
BRDA:94,19,0,4
BRDA:100,20,0,2
BRDA:111,21,0,261
BRDA:118,22,0,145
BRDA:125,23,0,47
BRDA:125,24,0,40
BRDA:136,25,0,44
BRDA:139,26,0,43
BRDA:139,27,0,43
BRDA:149,28,0,39
BRDA:156,29,0,30
BRDA:174,30,0,15
BRDA:126,31,0,6
BRDA:129,32,0,5
BRDA:145,33,0,46
BRDA:136,34,0,2
BRDA:146,35,0,11
BRDA:156,36,0,2
BRDA:146,37,0,6
BRDA:146,38,0,3
BRDA:152,39,0,7
BRDA:153,40,0,2
BRDA:159,41,0,15
BRDA:162,42,0,12
BRDA:170,43,0,8
BRDA:139,44,0,1
BRDA:165,45,0,3
BRDA:184,46,0,115
BRDA:185,47,0,1
BRDA:185,48,0,6
BRDA:186,49,0,5
BRDA:196,50,0,20
BRDA:197,51,0,6
BRDA:198,52,0,1
BRDA:199,53,0,8
BRDA:202,54,0,6
BRDA:202,55,0,4
BRDA:205,56,0,1
BRDA:207,57,0,4
BRDA:208,58,0,1
BRDA:210,59,0,3
BRDA:202,60,0,2
BRDA:204,61,0,1
BRDA:217,62,0,713
BRDA:224,63,0,8
BRDA:229,64,0,6
BRDA:231,65,0,4
BRDA:233,66,0,2
BRDA:239,67,0,1
BRDA:259,68,0,16
BRDA:261,69,0,6
BRDA:262,70,0,3
BRDA:262,71,0,2
BRDA:264,72,0,14
BRDA:264,73,0,9
BRDA:271,74,0,15
BRDA:274,75,0,12
BRDA:279,76,0,4
BRDA:289,77,0,22
BRDA:290,78,0,15
BRDA:306,79,0,152
BRDA:312,80,0,5
BRDA:307,81,0,1
BRDA:310,82,0,36
BRDA:321,83,0,39
BRDA:323,84,0,4
BRDA:323,85,0,34
BRDA:334,86,0,31
BRDA:336,87,0,29
BRDA:337,88,0,4
BRDA:337,89,0,25
BRDA:348,90,0,3
BRDA:349,91,0,1
BRDA:358,92,0,2
BRDA:360,93,0,1
BRDA:371,94,0,4
BRDA:372,95,0,1
BRDA:379,96,0,1
BRDA:394,97,0,58
BRDA:395,98,0,8
BRDA:410,99,0,251
BRDA:424,100,0,368
BRDA:433,101,0,114
BRDA:429,102,0,49
BRDA:431,103,0,6
BRDA:433,104,0,9
BRDA:437,105,0,2
BRDA:438,106,0,2
BRDA:428,107,0,6
BRDA:428,108,0,78
BRDA:454,109,0,7
BRDA:458,110,0,4
BRDA:459,111,0,1
BRDA:459,112,0,3
BRDA:468,113,0,150
BRDA:469,114,0,1
BRDA:469,115,0,58
BRDA:478,116,0,103
BRDA:484,117,0,44
BRDA:484,118,0,1
BRDA:484,119,0,44
BRDA:489,120,0,44
BRDA:489,121,0,0
BRDA:496,122,0,6
BRDA:497,123,0,2
BRDA:503,124,0,3
BRDA:510,125,0,8
BRDA:521,126,0,6
BRDA:432,127,0,14
BRDA:432,128,0,2
BRDA:432,129,0,1
BRDA:163,130,0,6
BRF:131
BRH:130
DA:1,70
DA:2,70
DA:3,70
DA:4,70
DA:5,70
DA:6,70
DA:7,70
DA:8,70
DA:9,70
DA:10,70
DA:11,70
DA:12,70
DA:13,70
DA:14,70
DA:15,70
DA:16,70
DA:17,70
DA:18,70
DA:19,70
DA:20,70
DA:21,70
DA:22,70
DA:23,70
DA:24,70
DA:25,70
DA:26,365
DA:27,365
DA:28,365
DA:29,365
DA:30,365
DA:31,365
DA:32,365
DA:33,365
DA:34,365
DA:35,365
DA:36,365
DA:37,365
DA:38,365
DA:39,365
DA:40,365
DA:41,365
DA:42,365
DA:43,365
DA:44,365
DA:45,365
DA:46,365
DA:47,1
DA:48,1
DA:49,365
DA:50,365
DA:51,365
DA:52,365
DA:53,365
DA:54,151
DA:55,151
DA:56,365
DA:57,365
DA:58,365
DA:59,365
DA:60,365
DA:61,2
DA:62,2
DA:63,365
DA:64,365
DA:65,365
DA:66,365
DA:67,365
DA:68,365
DA:69,365
DA:70,177
DA:71,177
DA:72,365
DA:73,365
DA:74,365
DA:75,365
DA:76,365
DA:77,163
DA:78,49
DA:79,163
DA:80,163
DA:81,163
DA:82,163
DA:83,49
DA:84,49
DA:85,163
DA:86,4
DA:87,4
DA:88,163
DA:89,365
DA:90,365
DA:91,365
DA:92,365
DA:93,365
DA:94,23
DA:95,23
DA:96,365
DA:97,365
DA:98,365
DA:99,365
DA:100,365
DA:101,2
DA:102,2
DA:103,365
DA:104,365
DA:105,365
DA:106,70
DA:107,70
DA:108,70
DA:109,70
DA:110,70
DA:111,70
DA:112,261
DA:113,261
DA:114,70
DA:115,70
DA:116,70
DA:117,70
DA:118,70
DA:119,145
DA:120,145
DA:121,145
DA:122,145
DA:123,145
DA:124,145
DA:125,145
DA:126,40
DA:127,6
DA:128,6
DA:129,40
DA:130,5
DA:131,5
DA:132,40
DA:133,40
DA:134,40
DA:135,40
DA:136,40
DA:137,2
DA:138,2
DA:139,2
DA:140,1
DA:141,1
DA:142,1
DA:143,1
DA:144,1
DA:145,1
DA:146,1
DA:147,1
DA:148,1
DA:149,1
DA:150,39
DA:151,39
DA:152,145
DA:153,7
DA:154,7
DA:155,7
DA:156,7
DA:157,2
DA:158,2
DA:159,2
DA:160,15
DA:161,15
DA:162,15
DA:163,12
DA:164,12
DA:165,12
DA:166,3
DA:167,3
DA:168,12
DA:169,15
DA:170,15
DA:171,8
DA:172,8
DA:173,15
DA:174,15
DA:175,15
DA:176,15
DA:177,15
DA:178,15
DA:179,145
DA:180,70
DA:181,70
DA:182,70
DA:183,70
DA:184,70
DA:185,115
DA:186,115
DA:187,5
DA:188,5
DA:189,115
DA:190,70
DA:191,70
DA:192,70
DA:193,70
DA:194,70
DA:195,70
DA:196,70
DA:197,20
DA:198,6
DA:199,6
DA:200,8
DA:201,8
DA:202,20
DA:203,2
DA:204,2
DA:205,20
DA:206,1
DA:207,1
DA:208,20
DA:209,1
DA:210,1
DA:211,3
DA:212,20
DA:213,70
DA:214,70
DA:215,70
DA:216,70
DA:217,70
DA:218,713
DA:219,713
DA:220,70
DA:221,70
DA:222,70
DA:223,70
DA:224,70
DA:225,8
DA:226,8
DA:227,8
DA:228,70
DA:229,70
DA:230,6
DA:231,6
DA:232,4
DA:233,4
DA:234,2
DA:235,2
DA:236,2
DA:237,2
DA:238,2
DA:239,4
DA:240,1
DA:241,1
DA:242,4
DA:243,6
DA:244,70
DA:245,70
DA:246,70
DA:247,70
DA:248,70
DA:249,70
DA:250,70
DA:251,70
DA:252,70
DA:253,70
DA:254,70
DA:255,70
DA:256,70
DA:257,70
DA:258,70
DA:259,70
DA:260,16
DA:261,16
DA:262,6
DA:263,6
DA:264,16
DA:265,9
DA:266,9
DA:267,9
DA:268,16
DA:269,16
DA:270,16
DA:271,16
DA:272,16
DA:273,16
DA:274,16
DA:275,12
DA:276,12
DA:277,12
DA:278,12
DA:279,12
DA:280,4
DA:281,4
DA:282,4
DA:283,4
DA:284,16
DA:285,70
DA:286,70
DA:287,70
DA:288,70
DA:289,70
DA:290,22
DA:291,22
DA:292,22
DA:293,70
DA:294,70
DA:295,70
DA:296,70
DA:297,70
DA:298,70
DA:299,70
DA:300,70
DA:301,70
DA:302,70
DA:303,70
DA:304,70
DA:305,70
DA:306,70
DA:307,152
DA:308,1
DA:309,1
DA:310,1
DA:311,36
DA:312,36
DA:313,36
DA:314,36
DA:315,152
DA:316,70
DA:317,70
DA:318,70
DA:319,70
DA:320,70
DA:321,70
DA:322,39
DA:323,39
DA:324,34
DA:325,39
DA:326,70
DA:327,70
DA:328,70
DA:329,70
DA:330,70
DA:331,70
DA:332,70
DA:333,70
DA:334,70
DA:335,31
DA:336,31
DA:337,29
DA:338,29
DA:339,31
DA:340,31
DA:341,70
DA:342,70
DA:343,70
DA:344,70
DA:345,70
DA:346,70
DA:347,70
DA:348,70
DA:349,3
DA:350,3
DA:351,3
DA:352,3
DA:353,3
DA:354,70
DA:355,70
DA:356,70
DA:357,70
DA:358,70
DA:359,2
DA:360,2
DA:361,2
DA:362,70
DA:363,70
DA:364,70
DA:365,70
DA:366,70
DA:367,70
DA:368,70
DA:369,70
DA:370,70
DA:371,70
DA:372,4
DA:373,4
DA:374,4
DA:375,70
DA:376,70
DA:377,70
DA:378,70
DA:379,70
DA:380,1
DA:381,1
DA:382,70
DA:383,70
DA:384,70
DA:385,70
DA:386,70
DA:387,70
DA:388,70
DA:389,70
DA:390,70
DA:391,70
DA:392,70
DA:393,70
DA:394,70
DA:395,58
DA:396,58
DA:397,70
DA:398,70
DA:399,70
DA:400,70
DA:401,70
DA:402,70
DA:403,70
DA:404,70
DA:405,70
DA:406,70
DA:407,70
DA:408,70
DA:409,70
DA:410,70
DA:411,251
DA:412,251
DA:413,70
DA:414,70
DA:415,70
DA:416,70
DA:417,70
DA:418,70
DA:419,70
DA:420,70
DA:421,70
DA:422,70
DA:423,70
DA:424,70
DA:425,368
DA:426,368
DA:427,368
DA:428,368
DA:429,78
DA:430,78
DA:431,78
DA:432,78
DA:433,78
DA:434,78
DA:435,78
DA:436,78
DA:437,368
DA:438,2
DA:439,2
DA:440,2
DA:441,2
DA:442,368
DA:443,70
DA:444,70
DA:445,70
DA:446,70
DA:447,70
DA:448,70
DA:449,70
DA:450,70
DA:451,70
DA:452,70
DA:453,70
DA:454,70
DA:455,7
DA:456,7
DA:457,7
DA:458,7
DA:459,4
DA:460,4
DA:461,7
DA:462,7
DA:463,7
DA:464,70
DA:465,70
DA:466,70
DA:467,70
DA:468,70
DA:469,150
DA:470,58
DA:471,150
DA:472,70
DA:473,70
DA:474,70
DA:475,70
DA:476,70
DA:477,70
DA:478,70
DA:479,103
DA:480,103
DA:481,103
DA:482,103
DA:483,103
DA:484,103
DA:485,44
DA:486,44
DA:487,44
DA:488,44
DA:489,103
DA:490,44
DA:491,103
DA:492,70
DA:493,70
DA:494,70
DA:495,70
DA:496,70
DA:497,6
DA:498,2
DA:499,2
DA:500,2
DA:501,6
DA:502,70
DA:503,70
DA:504,3
DA:505,3
DA:506,70
DA:507,70
DA:508,70
DA:509,70
DA:510,70
DA:511,8
DA:512,8
DA:513,8
DA:514,8
DA:515,8
DA:516,8
DA:517,70
DA:518,70
DA:519,70
DA:520,70
DA:521,70
DA:522,6
DA:523,6
DA:524,70
LH:524
LF:524
end_of_record
